<?xml version="1.0" encoding="UTF-8"?>
<!-- Generated by org.testng.reporters.JUnitReportReporter -->
<testsuite skipped="0" hostname="ATMECSINLT-283" name="com.phptravels.testscript.PhpTravelsSript" tests="2" failures="0" timestamp="2019-11-27T14:26:44 IST" time="33.550" errors="0">
  <testcase name="DashBoard" time="13.543" classname="com.phptravels.testscript.PhpTravelsSript"/>
  <testcase name="clickInvoice" time="20.007" classname="com.phptravels.testscript.PhpTravelsSript"/>
</testsuite> <!-- com.phptravels.testscript.PhpTravelsSript -->
